<?xml version="1.0" encoding="UTF-8"?>
<!-- Generated by org.testng.reporters.JUnitReportReporter -->
<testsuite hostname="DESKTOP-8821QTD" failures="0" tests="1" name="verificationUsingTestNG.AssertEqualsAndAssertNotEquals" time="0.017" errors="0" timestamp="2022-07-28T13:56:06 IST" skipped="0">
  <testcase classname="verificationUsingTestNG.AssertEqualsAndAssertNotEquals" name="myMethod" time="0.017"/>
  <system-out/>
</testsuite> <!-- verificationUsingTestNG.AssertEqualsAndAssertNotEquals -->
