<?xml version="1.0" encoding="UTF-8"?>
<!-- Generated by org.testng.reporters.JUnitReportReporter -->
<testsuite hostname="DESKTOP-8821QTD" failures="0" tests="3" name="TestNgStudy.NewTestNG1" time="59.326" errors="0" timestamp="2022-07-27T13:32:26 IST" skipped="0">
  <testcase classname="TestNgStudy.NewTestNG1" name="vctcLogin" time="9.617"/>
  <system-out/>
  <testcase classname="TestNgStudy.NewTestNG1" name="flipkart" time="34.062"/>
  <system-out/>
  <testcase classname="TestNgStudy.NewTestNG1" name="kite" time="15.647"/>
  <system-out/>
</testsuite> <!-- TestNgStudy.NewTestNG1 -->
