<?xml version="1.0" encoding="UTF-8"?>
<!-- Generated by org.testng.reporters.JUnitReportReporter -->
<testsuite hostname="DESKTOP-8821QTD" failures="0" tests="1" name="testNGKeyWordsSoftassert.AssertNullAndAssertNotNullStudy" time="0.024" errors="0" timestamp="2022-07-29T12:49:00 IST" skipped="0">
  <testcase classname="testNGKeyWordsSoftassert.AssertNullAndAssertNotNullStudy" name="myMethod" time="0.024"/>
  <system-out/>
</testsuite> <!-- testNGKeyWordsSoftassert.AssertNullAndAssertNotNullStudy -->
