<?xml version="1.0" encoding="UTF-8"?>
<!-- Generated by org.testng.reporters.JUnitReportReporter -->
<testsuite hostname="DESKTOP-8821QTD" failures="0" tests="3" name="testNGXMLStudy.TestNGGrouping2" time="0.022" errors="0" timestamp="2022-07-27T15:02:20 IST" skipped="0">
  <testcase classname="testNGXMLStudy.TestNGGrouping2" name="method6" time="0.002"/>
  <system-out>
    <![CDATA[Method 6 is running]]>
  </system-out>
  <testcase classname="testNGXMLStudy.TestNGGrouping2" name="method5" time="0.003"/>
  <system-out>
    <![CDATA[Method 5 is running]]>
  </system-out>
  <testcase classname="testNGXMLStudy.TestNGGrouping2" name="method4" time="0.017"/>
  <system-out>
    <![CDATA[Method 4 is running]]>
  </system-out>
</testsuite> <!-- testNGXMLStudy.TestNGGrouping2 -->
