<?xml version="1.0" encoding="UTF-8"?>
<!-- Generated by org.testng.reporters.JUnitReportReporter -->
<testsuite hostname="DESKTOP-8821QTD" failures="0" tests="1" name="TestNgStudy.MyClass" time="0.018" errors="0" timestamp="2022-07-26T16:57:21 IST" skipped="0">
  <testcase classname="TestNgStudy.MyClass" name="mymethod" time="0.018"/>
  <system-out>
    <![CDATA[Reporter without boolean value
Reporter with boolean value]]>
  </system-out>
</testsuite> <!-- TestNgStudy.MyClass -->
