<?xml version="1.0" encoding="UTF-8"?>
<!-- Generated by org.testng.reporters.JUnitReportReporter -->
<testsuite hostname="DESKTOP-8821QTD" failures="0" tests="1" name="testNGKeyWordsSoftassert.AssertEqualsAndAssertNotEquals" time="0.022" errors="0" timestamp="2022-07-29T12:56:21 IST" skipped="0">
  <testcase classname="testNGKeyWordsSoftassert.AssertEqualsAndAssertNotEquals" name="myMethod" time="0.022"/>
  <system-out/>
</testsuite> <!-- testNGKeyWordsSoftassert.AssertEqualsAndAssertNotEquals -->
