<?xml version="1.0" encoding="UTF-8"?>
<!-- Generated by org.testng.reporters.JUnitReportReporter -->
<testsuite hostname="DESKTOP-8821QTD" failures="0" tests="1" name="kiteTestClassesPackageStudy.ValidateKiteUserID" time="14.178" errors="0" timestamp="2022-08-04T17:33:22 IST" skipped="0">
  <testcase classname="kiteTestClassesPackageStudy.ValidateKiteUserID" name="kiteUserValidation" time="14.178"/>
  <system-out>
    <![CDATA[Reading data from excel
Screenshot Taken]]>
  </system-out>
</testsuite> <!-- kiteTestClassesPackageStudy.ValidateKiteUserID -->
