<?xml version="1.0" encoding="UTF-8"?>
<!-- Generated by org.testng.reporters.JUnitReportReporter -->
<testsuite hostname="DESKTOP-8821QTD" failures="0" tests="5" name="testNGKeyWords.TimeOutStudy" time="5.042" errors="0" timestamp="2022-07-28T16:29:18 IST" skipped="0">
  <testcase classname="testNGKeyWords.TimeOutStudy" name="method5" time="0.004"/>
  <system-out>
    <![CDATA[Method 5 is running]]>
  </system-out>
  <testcase classname="testNGKeyWords.TimeOutStudy" name="method3" time="0.005"/>
  <system-out>
    <![CDATA[Method 3 is running]]>
  </system-out>
  <testcase classname="testNGKeyWords.TimeOutStudy" name="method4" time="5.012"/>
  <system-out>
    <![CDATA[Method 4 is running]]>
  </system-out>
  <testcase classname="testNGKeyWords.TimeOutStudy" name="method2" time="0.002"/>
  <system-out>
    <![CDATA[Method 2 is running]]>
  </system-out>
  <testcase classname="testNGKeyWords.TimeOutStudy" name="method1" time="0.019"/>
  <system-out>
    <![CDATA[Method 1 is running]]>
  </system-out>
</testsuite> <!-- testNGKeyWords.TimeOutStudy -->
