<?xml version="1.0" encoding="UTF-8"?>
<!-- Generated by org.testng.reporters.JUnitReportReporter -->
<testsuite hostname="DESKTOP-8821QTD" failures="0" tests="1" name="serialOrParallelExecution.Test1" time="9.886" errors="0" timestamp="2022-07-28T13:30:56 IST" skipped="0">
  <testcase classname="serialOrParallelExecution.Test1" name="kiteLaunch" time="9.886"/>
  <system-out/>
</testsuite> <!-- serialOrParallelExecution.Test1 -->
