<?xml version="1.0" encoding="UTF-8"?>
<!-- Generated by org.testng.reporters.JUnitReportReporter -->
<testsuite hostname="DESKTOP-8821QTD" failures="0" tests="1" name="testNGKeyWordsSoftassert.AssertTrueAndAssertFalse" time="0.020" errors="0" timestamp="2022-07-29T12:52:36 IST" skipped="0">
  <testcase classname="testNGKeyWordsSoftassert.AssertTrueAndAssertFalse" name="myMethod" time="0.020"/>
  <system-out/>
</testsuite> <!-- testNGKeyWordsSoftassert.AssertTrueAndAssertFalse -->
