<?xml version="1.0" encoding="UTF-8"?>
<!-- Generated by org.testng.reporters.JUnitReportReporter -->
<testsuite hostname="DESKTOP-8821QTD" failures="0" tests="10" name="testNGKeyWords.MultipleKeyWords" time="0.029" errors="0" timestamp="2022-07-27T14:33:22 IST" skipped="0">
  <testcase classname="testNGKeyWords.MultipleKeyWords" name="method2" time="0.011"/>
  <system-out>
    <![CDATA[Method 2 is running]]>
  </system-out>
  <testcase classname="testNGKeyWords.MultipleKeyWords" name="method4" time="0.002"/>
  <system-out>
    <![CDATA[Method 4 is running]]>
  </system-out>
  <testcase classname="testNGKeyWords.MultipleKeyWords" name="method5" time="0.003"/>
  <system-out>
    <![CDATA[Method 5 is running]]>
  </system-out>
  <testcase classname="testNGKeyWords.MultipleKeyWords" name="method3" time="0.002"/>
  <system-out>
    <![CDATA[Method 3 is running]]>
  </system-out>
  <testcase classname="testNGKeyWords.MultipleKeyWords" name="method1" time="0.001"/>
  <system-out>
    <![CDATA[Method 1 is running]]>
  </system-out>
  <testcase classname="testNGKeyWords.MultipleKeyWords" name="method1" time="0.003"/>
  <system-out>
    <![CDATA[Method 1 is running]]>
  </system-out>
  <testcase classname="testNGKeyWords.MultipleKeyWords" name="method1" time="0.002"/>
  <system-out>
    <![CDATA[Method 1 is running]]>
  </system-out>
  <testcase classname="testNGKeyWords.MultipleKeyWords" name="method1" time="0.002"/>
  <system-out>
    <![CDATA[Method 1 is running]]>
  </system-out>
  <testcase classname="testNGKeyWords.MultipleKeyWords" name="method1" time="0.002"/>
  <system-out>
    <![CDATA[Method 1 is running]]>
  </system-out>
  <testcase classname="testNGKeyWords.MultipleKeyWords" name="method1" time="0.001"/>
  <system-out>
    <![CDATA[Method 1 is running]]>
  </system-out>
</testsuite> <!-- testNGKeyWords.MultipleKeyWords -->
