<?xml version="1.0" encoding="UTF-8"?>
<!-- Generated by org.testng.reporters.JUnitReportReporter -->
<testsuite hostname="DESKTOP-8821QTD" failures="0" tests="5" name="testNGKeyWords.PriorityStudy" time="0.028" errors="0" timestamp="2022-07-27T14:02:29 IST" skipped="0">
  <testcase classname="testNGKeyWords.PriorityStudy" name="method3" time="0.015"/>
  <system-out>
    <![CDATA[Method 3 is running]]>
  </system-out>
  <testcase classname="testNGKeyWords.PriorityStudy" name="method4" time="0.003"/>
  <system-out>
    <![CDATA[Method 4 is running]]>
  </system-out>
  <testcase classname="testNGKeyWords.PriorityStudy" name="method1" time="0.004"/>
  <system-out>
    <![CDATA[Method 1 is running]]>
  </system-out>
  <testcase classname="testNGKeyWords.PriorityStudy" name="method5" time="0.003"/>
  <system-out>
    <![CDATA[Method 5 is running]]>
  </system-out>
  <testcase classname="testNGKeyWords.PriorityStudy" name="method2" time="0.003"/>
  <system-out>
    <![CDATA[Method 2 is running]]>
  </system-out>
</testsuite> <!-- testNGKeyWords.PriorityStudy -->
