<?xml version="1.0" encoding="UTF-8"?>
<!-- Generated by org.testng.reporters.JUnitReportReporter -->
<testsuite hostname="DESKTOP-8821QTD" failures="0" tests="1" name="kiteUserIDUsingTestNG.KiteUserIDValidation" time="8.797" errors="0" timestamp="2022-08-04T13:25:09 IST" skipped="0">
  <testcase classname="kiteUserIDUsingTestNG.KiteUserIDValidation" name="validateUserID" time="8.797"/>
  <system-out>
    <![CDATA[Validating actual user id and expected user id 
Validating actual user id and expected user id---> TC is pass ]]>
  </system-out>
</testsuite> <!-- kiteUserIDUsingTestNG.KiteUserIDValidation -->
