<?xml version="1.0" encoding="UTF-8"?>
<!-- Generated by org.testng.reporters.JUnitReportReporter -->
<testsuite hostname="DESKTOP-8821QTD" failures="0" tests="2" name="crossBrowserStudy.Ex1" time="40.038" errors="0" timestamp="2022-08-02T13:14:34 IST" skipped="0">
  <testcase classname="crossBrowserStudy.Ex1" name="myMethod" time="25.264"/>
  <system-out/>
  <testcase classname="crossBrowserStudy.Ex1" name="myMethod" time="14.774"/>
  <system-out/>
</testsuite> <!-- crossBrowserStudy.Ex1 -->
