<?xml version="1.0" encoding="UTF-8"?>
<!-- Generated by org.testng.reporters.JUnitReportReporter -->
<testsuite hostname="DESKTOP-8821QTD" failures="0" tests="2" name="testNGXMLStudy.TestXML2" time="0.020" errors="0" timestamp="2022-07-27T14:55:31 IST" skipped="0">
  <testcase classname="testNGXMLStudy.TestXML2" name="method6" time="0.007"/>
  <system-out>
    <![CDATA[Method 6 is running]]>
  </system-out>
  <testcase classname="testNGXMLStudy.TestXML2" name="method4" time="0.013"/>
  <system-out>
    <![CDATA[Method 4 is running]]>
  </system-out>
</testsuite> <!-- testNGXMLStudy.TestXML2 -->
