<?xml version="1.0" encoding="UTF-8"?>
<!-- Generated by org.testng.reporters.JUnitReportReporter -->
<testsuite hostname="DESKTOP-8821QTD" failures="0" tests="1" name="crossBrowserStudy.FireFoxStudy" time="29.703" errors="0" timestamp="2022-07-29T16:36:24 IST" skipped="0">
  <testcase classname="crossBrowserStudy.FireFoxStudy" name="f" time="29.703"/>
  <system-out/>
</testsuite> <!-- crossBrowserStudy.FireFoxStudy -->
