<?xml version="1.0" encoding="UTF-8"?>
<!-- Generated by org.testng.reporters.JUnitReportReporter -->
<testsuite hostname="DESKTOP-8821QTD" failures="0" tests="1" name="testNGKeyWords.DependsOnMethodStudy" time="0.013" errors="0" timestamp="2022-07-28T14:09:19 IST" skipped="0">
  <testcase classname="testNGKeyWords.DependsOnMethodStudy" name="method4" time="0.013"/>
  <system-out>
    <![CDATA[Method 4 is running]]>
  </system-out>
</testsuite> <!-- testNGKeyWords.DependsOnMethodStudy -->
