<?xml version="1.0" encoding="UTF-8"?>
<!-- Generated by org.testng.reporters.JUnitReportReporter -->
<testsuite hostname="DESKTOP-8821QTD" failures="0" tests="2" name="testNGannotations.ClassStudy" time="0.017" errors="0" timestamp="2022-07-27T13:48:59 IST" skipped="0">
  <testcase classname="testNGannotations.ClassStudy" name="myMethod" time="0.011"/>
  <system-out>
    <![CDATA[Test Method is running]]>
  </system-out>
  <testcase classname="testNGannotations.ClassStudy" name="myMethod1" time="0.006"/>
  <system-out>
    <![CDATA[Test Method_1 is running]]>
  </system-out>
</testsuite> <!-- testNGannotations.ClassStudy -->
