<?xml version="1.0" encoding="UTF-8"?>
<!-- Generated by org.testng.reporters.JUnitReportReporter -->
<testsuite hostname="DESKTOP-8821QTD" failures="0" tests="2" name="testNGannotations.AnnotationsStudy" time="0.018" errors="0" timestamp="2022-07-27T13:41:15 IST" skipped="0">
  <testcase classname="testNGannotations.AnnotationsStudy" name="validateUserId" time="0.011"/>
  <system-out>
    <![CDATA[User Id is Validated]]>
  </system-out>
  <testcase classname="testNGannotations.AnnotationsStudy" name="testme" time="0.007"/>
  <system-out>
    <![CDATA[Heyy]]>
  </system-out>
</testsuite> <!-- testNGannotations.AnnotationsStudy -->
