<?xml version="1.0" encoding="UTF-8"?>
<!-- Generated by org.testng.reporters.JUnitReportReporter -->
<testsuite hostname="DESKTOP-8821QTD" failures="0" tests="1" name="testNGXMLStudy.TestNGGrouping1" time="0.013" errors="0" timestamp="2022-07-27T15:07:14 IST" skipped="0">
  <testcase classname="testNGXMLStudy.TestNGGrouping1" name="method1" time="0.013"/>
  <system-out>
    <![CDATA[Method 1 is running]]>
  </system-out>
</testsuite> <!-- testNGXMLStudy.TestNGGrouping1 -->
