<?xml version="1.0" encoding="UTF-8"?>
<!-- Generated by org.testng.reporters.JUnitReportReporter -->
<testsuite hostname="DESKTOP-8821QTD" failures="0" tests="1" name="testNGXMLStudy.TestXML1" time="0.015" errors="0" timestamp="2022-07-27T14:49:36 IST" skipped="0">
  <testcase classname="testNGXMLStudy.TestXML1" name="method2" time="0.015"/>
  <system-out>
    <![CDATA[Method 2 is running]]>
  </system-out>
</testsuite> <!-- testNGXMLStudy.TestXML1 -->
