<?xml version="1.0" encoding="UTF-8"?>
<!-- Generated by org.testng.reporters.JUnitReportReporter -->
<testsuite hostname="DESKTOP-8821QTD" failures="0" tests="5" name="testNGKeyWords.EnabledStudy" time="0.023" errors="0" timestamp="2022-07-27T14:09:25 IST" skipped="1">
  <testcase classname="testNGKeyWords.EnabledStudy" name="method4" time="0.004"/>
  <system-out>
    <![CDATA[Method 4 is running]]>
  </system-out>
  <testcase classname="testNGKeyWords.EnabledStudy" name="method5" time="0.002"/>
  <system-out>
    <![CDATA[Method 5 is running]]>
  </system-out>
  <testcase classname="testNGKeyWords.EnabledStudy" name="method2" time="0.003"/>
  <system-out>
    <![CDATA[Method 2 is running]]>
  </system-out>
  <testcase classname="testNGKeyWords.EnabledStudy" name="method1" time="0.014"/>
  <system-out>
    <![CDATA[Method 1 is running]]>
  </system-out>
  <testcase classname="testNGKeyWords.EnabledStudy" name="method3">
    <skipped/>
  </testcase> <!-- method3 -->
  <system-out/>
</testsuite> <!-- testNGKeyWords.EnabledStudy -->
