<?xml version="1.0" encoding="UTF-8"?>
<!-- Generated by org.testng.reporters.JUnitReportReporter -->
<testsuite hostname="DESKTOP-8821QTD" failures="0" tests="5" name="testNGKeyWords.InnvocationCountStudy" time="0.027" errors="0" timestamp="2022-07-27T13:54:35 IST" skipped="0">
  <testcase classname="testNGKeyWords.InnvocationCountStudy" name="myMethod" time="0.008"/>
  <system-out>
    <![CDATA[MyMethod is running]]>
  </system-out>
  <testcase classname="testNGKeyWords.InnvocationCountStudy" name="myMethod" time="0.002"/>
  <system-out>
    <![CDATA[MyMethod is running]]>
  </system-out>
  <testcase classname="testNGKeyWords.InnvocationCountStudy" name="myMethod" time="0.002"/>
  <system-out>
    <![CDATA[MyMethod is running]]>
  </system-out>
  <testcase classname="testNGKeyWords.InnvocationCountStudy" name="myMethod" time="0.002"/>
  <system-out>
    <![CDATA[MyMethod is running]]>
  </system-out>
  <testcase classname="testNGKeyWords.InnvocationCountStudy" name="myMethod" time="0.013"/>
  <system-out>
    <![CDATA[MyMethod is running]]>
  </system-out>
</testsuite> <!-- testNGKeyWords.InnvocationCountStudy -->
